Traceback (most recent call last):
  File "/opt/hostedtoolcache/Python/3.14.3/x64/lib/python3.14/site-packages/jupyter_cache/executors/utils.py", line 58, in single_nb_execution
    executenb(
    ~~~~~~~~~^
        nb,
        ^^^
    ...<4 lines>...
        **kwargs,
        ^^^^^^^^^
    )
    ^
  File "/opt/hostedtoolcache/Python/3.14.3/x64/lib/python3.14/site-packages/nbclient/client.py", line 1323, in execute
    return NotebookClient(nb=nb, resources=resources, km=km, **kwargs).execute()
           ~~~~~~~~~~~~~~~~~~~~~~~~~~~~~~~~~~~~~~~~~~~~~~~~~~~~~~~~~~~~~~~~~~~^^
  File "/opt/hostedtoolcache/Python/3.14.3/x64/lib/python3.14/site-packages/jupyter_core/utils/__init__.py", line 165, in wrapped
    return loop.run_until_complete(inner)
           ~~~~~~~~~~~~~~~~~~~~~~~^^^^^^^
  File "/opt/hostedtoolcache/Python/3.14.3/x64/lib/python3.14/asyncio/base_events.py", line 719, in run_until_complete
    return future.result()
           ~~~~~~~~~~~~~^^
  File "/opt/hostedtoolcache/Python/3.14.3/x64/lib/python3.14/site-packages/nbclient/client.py", line 709, in async_execute
    await self.async_execute_cell(
        cell, index, execution_count=self.code_cells_executed + 1
    )
  File "/opt/hostedtoolcache/Python/3.14.3/x64/lib/python3.14/site-packages/nbclient/client.py", line 1062, in async_execute_cell
    await self._check_raise_for_error(cell, cell_index, exec_reply)
  File "/opt/hostedtoolcache/Python/3.14.3/x64/lib/python3.14/site-packages/nbclient/client.py", line 918, in _check_raise_for_error
    raise CellExecutionError.from_cell_and_msg(cell, exec_reply_content)
nbclient.exceptions.CellExecutionError: An error occurred while executing the following cell:
------------------
A = np.array([[1., 2., 3., 4.],
              [5., 1., 6., -1.],
              [10., 2., 12., -2.],
              [4., 10., -2., -5.]])
b = np.array([3., 2., 4., 1.])

x = gauss_elim(A, b)
------------------

----- stdout -----
 
╭   1.000    2.000    3.000    4.000 ╮        ╭  3.000 ╮
│   5.000    1.000    6.000   -1.000 │        │  2.000 │
│  10.000    2.000   12.000   -2.000 │        │  4.000 │
╰   4.000   10.000   -2.000   -5.000 ╯        ╰  1.000 ╯
pivoted
------------------

[31m---------------------------------------------------------------------------[39m
[31mValueError[39m                                Traceback (most recent call last)
[36mCell[39m[36m [39m[32mIn[11][39m[32m, line 7[39m
[32m      3[39m               [[32m10.[39m, [32m2.[39m, [32m12.[39m, -[32m2.[39m],
[32m      4[39m               [[32m4.[39m, [32m10.[39m, -[32m2.[39m, -[32m5.[39m]])
[32m      5[39m b = np.array([[32m3.[39m, [32m2.[39m, [32m4.[39m, [32m1.[39m])
[32m      6[39m 
[32m----> [39m[32m7[39m x = gauss_elim(A, b)

[36mCell[39m[36m [39m[32mIn[2][39m[32m, line 58[39m, in [36mgauss_elim[39m[34m(A, b, quiet)[39m
[32m     54[39m             b[i] += -coeff * b[k]
[32m     55[39m 
[32m     56[39m             [38;5;66;03m# check if the row is all zeros -- singular[39;00m
[32m     57[39m             [38;5;28;01mif[39;00m A[i, :].min() == [32m0[39m [38;5;28;01mand[39;00m A[i, :].max() == [32m0[39m:
[32m---> [39m[32m58[39m                 [38;5;28;01mraise[39;00m ValueError([33m"matrix is singular"[39m)
[32m     59[39m 
[32m     60[39m         [38;5;28;01mif[39;00m [38;5;28;01mnot[39;00m quiet:
[32m     61[39m             print_Ab(A, b)

[31mValueError[39m: matrix is singular

